<?xml version="1.0" encoding="UTF-8"?>
<!-- Generated by org.testng.reporters.JUnitXMLReporter -->
<testsuite ignored="0" hostname="DESKTOP-C57JQIU" failures="1" tests="1" name="Command line test" time="0.07" errors="0" timestamp="2021-06-28T02:23:08 MSK">
  <testcase classname="LoginTest" name="loginTest" time="0.0">
    <failure type="org.testng.TestNGException" message="
Parameter &amp;apos;login&amp;apos; is required by @Test on method loginTest but has not been marked @Optional or defined
">
      <![CDATA[org.testng.TestNGException: 
Parameter 'login' is required by @Test on method loginTest but has not been marked @Optional or defined

at java.base/java.util.ArrayList.forEach(ArrayList.java:1511)
... Removed 35 stack frames]]>
    </failure>
  </testcase> <!-- loginTest -->
</testsuite> <!-- Command line test -->
